# JRE version: OpenJDK Runtime Environment Zulu16.28+11-CA (16.0+36) (build 16+36)
# Java VM: OpenJDK 64-Bit Server VM Zulu16.28+11-CA (16+36, mixed mode, sharing, tiered, compressed oops, serial gc, linux-amd64)
GC Precious Log:
 CPUs: 8 total, 1 available
 Memory: 1024M
 Large Page Support: Disabled
 NUMA Support: Disabled
 Compressed Oops: Enabled (32-bit)
 Heap Min Capacity: 8M
 Heap Initial Capacity: 16M
 Heap Max Capacity: 256M
 Pre-touch: Disabled
Heap:
 def new generation   total 10368K, used 1418K [0x00000000f0000000, 0x00000000f0b30000, 0x00000000f5550000)
  eden space 9280K,   9% used [0x00000000f0000000, 0x00000000f00dbb30, 0x00000000f0910000)
  from space 1088K,  49% used [0x00000000f0a20000, 0x00000000f0aa7070, 0x00000000f0b30000)
  to   space 1088K,   0% used [0x00000000f0910000, 0x00000000f0910000, 0x00000000f0a20000)
 tenured generation   total 22900K, used 17261K [0x00000000f5550000, 0x00000000f6bad000, 0x0000000100000000)
   the space 22900K,  75% used [0x00000000f5550000, 0x00000000f662b700, 0x00000000f662b800, 0x00000000f6bad000)
 Metaspace       used 45675K, committed 46016K, reserved 1089536K
  class space    used 5425K, committed 5568K, reserved 1048576K
GC Heap History (20 events):
Event: 21.927 GC heap before
{Heap before GC invocations=109 (full 2):
 def new generation   total 10368K, used 9933K [0x00000000f0000000, 0x00000000f0b30000, 0x00000000f5550000)
  eden space 9280K, 100% used [0x00000000f0000000, 0x00000000f0910000, 0x00000000f0910000)
  from space 1088K,  60% used [0x00000000f0a20000, 0x00000000f0ac3670, 0x00000000f0b30000)
  to   space 1088K,   0% used [0x00000000f0910000, 0x00000000f0910000, 0x00000000f0a20000)
 tenured generation   total 22900K, used 14452K [0x00000000f5550000, 0x00000000f6bad000, 0x0000000100000000)
   the space 22900K,  63% used [0x00000000f5550000, 0x00000000f636d208, 0x00000000f636d400, 0x00000000f6bad000)
 Metaspace       used 39733K, committed 40064K, reserved 1089536K
  class space    used 4771K, committed 4928K, reserved 1048576K
}
Event: 21.932 GC heap after
{Heap after GC invocations=110 (full 2):
 def new generation   total 10368K, used 473K [0x00000000f0000000, 0x00000000f0b30000, 0x00000000f5550000)
  eden space 9280K,   0% used [0x00000000f0000000, 0x00000000f0000000, 0x00000000f0910000)
  from space 1088K,  43% used [0x00000000f0910000, 0x00000000f0986628, 0x00000000f0a20000)
  to   space 1088K,   0% used [0x00000000f0a20000, 0x00000000f0a20000, 0x00000000f0b30000)
 tenured generation   total 22900K, used 14858K [0x00000000f5550000, 0x00000000f6bad000, 0x0000000100000000)
   the space 22900K,  64% used [0x00000000f5550000, 0x00000000f63d2a58, 0x00000000f63d2c00, 0x00000000f6bad000)
 Metaspace       used 39733K, committed 40064K, reserved 1089536K
  class space    used 4771K, committed 4928K, reserved 1048576K
}
Event: 22.231 GC heap before
{Heap before GC invocations=110 (full 2):
 def new generation   total 10368K, used 9753K [0x00000000f0000000, 0x00000000f0b30000, 0x00000000f5550000)
  eden space 9280K, 100% used [0x00000000f0000000, 0x00000000f0910000, 0x00000000f0910000)
  from space 1088K,  43% used [0x00000000f0910000, 0x00000000f0986628, 0x00000000f0a20000)
  to   space 1088K,   0% used [0x00000000f0a20000, 0x00000000f0a20000, 0x00000000f0b30000)
 tenured generation   total 22900K, used 14858K [0x00000000f5550000, 0x00000000f6bad000, 0x0000000100000000)
   the space 22900K,  64% used [0x00000000f5550000, 0x00000000f63d2a58, 0x00000000f63d2c00, 0x00000000f6bad000)
 Metaspace       used 40101K, committed 40448K, reserved 1089536K
  class space    used 4816K, committed 4992K, reserved 1048576K
}
Event: 22.234 GC heap after
{Heap after GC invocations=111 (full 2):
 def new generation   total 10368K, used 952K [0x00000000f0000000, 0x00000000f0b30000, 0x00000000f5550000)
  eden space 9280K,   0% used [0x00000000f0000000, 0x00000000f0000000, 0x00000000f0910000)
  from space 1088K,  87% used [0x00000000f0a20000, 0x00000000f0b0e118, 0x00000000f0b30000)
  to   space 1088K,   0% used [0x00000000f0910000, 0x00000000f0910000, 0x00000000f0a20000)
 tenured generation   total 22900K, used 14858K [0x00000000f5550000, 0x00000000f6bad000, 0x0000000100000000)
   the space 22900K,  64% used [0x00000000f5550000, 0x00000000f63d2a58, 0x00000000f63d2c00, 0x00000000f6bad000)
 Metaspace       used 40101K, committed 40448K, reserved 1089536K
  class space    used 4816K, committed 4992K, reserved 1048576K
}
Event: 22.434 GC heap before
{Heap before GC invocations=111 (full 2):
 def new generation   total 10368K, used 10232K [0x00000000f0000000, 0x00000000f0b30000, 0x00000000f5550000)
  eden space 9280K, 100% used [0x00000000f0000000, 0x00000000f0910000, 0x00000000f0910000)
  from space 1088K,  87% used [0x00000000f0a20000, 0x00000000f0b0e118, 0x00000000f0b30000)
  to   space 1088K,   0% used [0x00000000f0910000, 0x00000000f0910000, 0x00000000f0a20000)
 tenured generation   total 22900K, used 14858K [0x00000000f5550000, 0x00000000f6bad000, 0x0000000100000000)
   the space 22900K,  64% used [0x00000000f5550000, 0x00000000f63d2a58, 0x00000000f63d2c00, 0x00000000f6bad000)
 Metaspace       used 40584K, committed 40896K, reserved 1089536K
  class space    used 4887K, committed 5056K, reserved 1048576K
}
Event: 22.439 GC heap after
{Heap after GC invocations=112 (full 2):
 def new generation   total 10368K, used 683K [0x00000000f0000000, 0x00000000f0b30000, 0x00000000f5550000)
  eden space 9280K,   0% used [0x00000000f0000000, 0x00000000f0000000, 0x00000000f0910000)
  from space 1088K,  62% used [0x00000000f0910000, 0x00000000f09bacd8, 0x00000000f0a20000)
  to   space 1088K,   0% used [0x00000000f0a20000, 0x00000000f0a20000, 0x00000000f0b30000)
 tenured generation   total 22900K, used 15310K [0x00000000f5550000, 0x00000000f6bad000, 0x0000000100000000)
   the space 22900K,  66% used [0x00000000f5550000, 0x00000000f6443a58, 0x00000000f6443c00, 0x00000000f6bad000)
 Metaspace       used 40584K, committed 40896K, reserved 1089536K
  class space    used 4887K, committed 5056K, reserved 1048576K
}
Event: 22.736 GC heap before
{Heap before GC invocations=112 (full 2):
 def new generation   total 10368K, used 9963K [0x00000000f0000000, 0x00000000f0b30000, 0x00000000f5550000)
  eden space 9280K, 100% used [0x00000000f0000000, 0x00000000f0910000, 0x00000000f0910000)
  from space 1088K,  62% used [0x00000000f0910000, 0x00000000f09bacd8, 0x00000000f0a20000)
  to   space 1088K,   0% used [0x00000000f0a20000, 0x00000000f0a20000, 0x00000000f0b30000)
 tenured generation   total 22900K, used 15310K [0x00000000f5550000, 0x00000000f6bad000, 0x0000000100000000)
   the space 22900K,  66% used [0x00000000f5550000, 0x00000000f6443a58, 0x00000000f6443c00, 0x00000000f6bad000)
 Metaspace       used 41073K, committed 41408K, reserved 1089536K
  class space    used 4951K, committed 5120K, reserved 1048576K
}
Event: 22.820 GC heap after
{Heap after GC invocations=113 (full 2):
 def new generation   total 10368K, used 408K [0x00000000f0000000, 0x00000000f0b30000, 0x00000000f5550000)
  eden space 9280K,   0% used [0x00000000f0000000, 0x00000000f0000000, 0x00000000f0910000)
  from space 1088K,  37% used [0x00000000f0a20000, 0x00000000f0a860d8, 0x00000000f0b30000)
  to   space 1088K,   0% used [0x00000000f0910000, 0x00000000f0910000, 0x00000000f0a20000)
 tenured generation   total 22900K, used 15775K [0x00000000f5550000, 0x00000000f6bad000, 0x0000000100000000)
   the space 22900K,  68% used [0x00000000f5550000, 0x00000000f64b7c40, 0x00000000f64b7e00, 0x00000000f6bad000)
 Metaspace       used 41073K, committed 41408K, reserved 1089536K
  class space    used 4951K, committed 5120K, reserved 1048576K
}
Event: 23.226 GC heap before
{Heap before GC invocations=113 (full 2):
 def new generation   total 10368K, used 9688K [0x00000000f0000000, 0x00000000f0b30000, 0x00000000f5550000)
  eden space 9280K, 100% used [0x00000000f0000000, 0x00000000f0910000, 0x00000000f0910000)
  from space 1088K,  37% used [0x00000000f0a20000, 0x00000000f0a860d8, 0x00000000f0b30000)
  to   space 1088K,   0% used [0x00000000f0910000, 0x00000000f0910000, 0x00000000f0a20000)
 tenured generation   total 22900K, used 15775K [0x00000000f5550000, 0x00000000f6bad000, 0x0000000100000000)
   the space 22900K,  68% used [0x00000000f5550000, 0x00000000f64b7c40, 0x00000000f64b7e00, 0x00000000f6bad000)
 Metaspace       used 41583K, committed 41984K, reserved 1089536K
  class space    used 5022K, committed 5184K, reserved 1048576K
}
Event: 23.230 GC heap after
{Heap after GC invocations=114 (full 2):
 def new generation   total 10368K, used 847K [0x00000000f0000000, 0x00000000f0b30000, 0x00000000f5550000)
  eden space 9280K,   0% used [0x00000000f0000000, 0x00000000f0000000, 0x00000000f0910000)
  from space 1088K,  77% used [0x00000000f0910000, 0x00000000f09e3ef0, 0x00000000f0a20000)
  to   space 1088K,   0% used [0x00000000f0a20000, 0x00000000f0a20000, 0x00000000f0b30000)
 tenured generation   total 22900K, used 15775K [0x00000000f5550000, 0x00000000f6bad000, 0x0000000100000000)
   the space 22900K,  68% used [0x00000000f5550000, 0x00000000f64b7c40, 0x00000000f64b7e00, 0x00000000f6bad000)
 Metaspace       used 41583K, committed 41984K, reserved 1089536K
  class space    used 5022K, committed 5184K, reserved 1048576K
}
Event: 23.522 GC heap before
{Heap before GC invocations=114 (full 2):
 def new generation   total 10368K, used 10127K [0x00000000f0000000, 0x00000000f0b30000, 0x00000000f5550000)
  eden space 9280K, 100% used [0x00000000f0000000, 0x00000000f0910000, 0x00000000f0910000)
  from space 1088K,  77% used [0x00000000f0910000, 0x00000000f09e3ef0, 0x00000000f0a20000)
  to   space 1088K,   0% used [0x00000000f0a20000, 0x00000000f0a20000, 0x00000000f0b30000)
 tenured generation   total 22900K, used 15775K [0x00000000f5550000, 0x00000000f6bad000, 0x0000000100000000)
   the space 22900K,  68% used [0x00000000f5550000, 0x00000000f64b7c40, 0x00000000f64b7e00, 0x00000000f6bad000)
 Metaspace       used 42585K, committed 43008K, reserved 1089536K
  class space    used 5135K, committed 5312K, reserved 1048576K
}
Event: 23.527 GC heap after
{Heap after GC invocations=115 (full 2):
 def new generation   total 10368K, used 754K [0x00000000f0000000, 0x00000000f0b30000, 0x00000000f5550000)
  eden space 9280K,   0% used [0x00000000f0000000, 0x00000000f0000000, 0x00000000f0910000)
  from space 1088K,  69% used [0x00000000f0a20000, 0x00000000f0adcbd8, 0x00000000f0b30000)
  to   space 1088K,   0% used [0x00000000f0910000, 0x00000000f0910000, 0x00000000f0a20000)
 tenured generation   total 22900K, used 16158K [0x00000000f5550000, 0x00000000f6bad000, 0x0000000100000000)
   the space 22900K,  70% used [0x00000000f5550000, 0x00000000f6517b40, 0x00000000f6517c00, 0x00000000f6bad000)
 Metaspace       used 42585K, committed 43008K, reserved 1089536K
  class space    used 5135K, committed 5312K, reserved 1048576K
}
Event: 23.735 GC heap before
{Heap before GC invocations=115 (full 2):
 def new generation   total 10368K, used 10034K [0x00000000f0000000, 0x00000000f0b30000, 0x00000000f5550000)
  eden space 9280K, 100% used [0x00000000f0000000, 0x00000000f0910000, 0x00000000f0910000)
  from space 1088K,  69% used [0x00000000f0a20000, 0x00000000f0adcbd8, 0x00000000f0b30000)
  to   space 1088K,   0% used [0x00000000f0910000, 0x00000000f0910000, 0x00000000f0a20000)
 tenured generation   total 22900K, used 16158K [0x00000000f5550000, 0x00000000f6bad000, 0x0000000100000000)
   the space 22900K,  70% used [0x00000000f5550000, 0x00000000f6517b40, 0x00000000f6517c00, 0x00000000f6bad000)
 Metaspace       used 43198K, committed 43520K, reserved 1089536K
  class space    used 5218K, committed 5376K, reserved 1048576K
}
Event: 23.740 GC heap after
{Heap after GC invocations=116 (full 2):
 def new generation   total 10368K, used 678K [0x00000000f0000000, 0x00000000f0b30000, 0x00000000f5550000)
  eden space 9280K,   0% used [0x00000000f0000000, 0x00000000f0000000, 0x00000000f0910000)
  from space 1088K,  62% used [0x00000000f0910000, 0x00000000f09b9ae8, 0x00000000f0a20000)
  to   space 1088K,   0% used [0x00000000f0a20000, 0x00000000f0a20000, 0x00000000f0b30000)
 tenured generation   total 22900K, used 16606K [0x00000000f5550000, 0x00000000f6bad000, 0x0000000100000000)
   the space 22900K,  72% used [0x00000000f5550000, 0x00000000f6587b60, 0x00000000f6587c00, 0x00000000f6bad000)
 Metaspace       used 43198K, committed 43520K, reserved 1089536K
  class space    used 5218K, committed 5376K, reserved 1048576K
}
Event: 24.154 GC heap before
{Heap before GC invocations=116 (full 2):
 def new generation   total 10368K, used 9958K [0x00000000f0000000, 0x00000000f0b30000, 0x00000000f5550000)
  eden space 9280K, 100% used [0x00000000f0000000, 0x00000000f0910000, 0x00000000f0910000)
  from space 1088K,  62% used [0x00000000f0910000, 0x00000000f09b9ae8, 0x00000000f0a20000)
  to   space 1088K,   0% used [0x00000000f0a20000, 0x00000000f0a20000, 0x00000000f0b30000)
 tenured generation   total 22900K, used 16606K [0x00000000f5550000, 0x00000000f6bad000, 0x0000000100000000)
   the space 22900K,  72% used [0x00000000f5550000, 0x00000000f6587b60, 0x00000000f6587c00, 0x00000000f6bad000)
 Metaspace       used 44138K, committed 44544K, reserved 1089536K
  class space    used 5319K, committed 5504K, reserved 1048576K
}
Event: 24.196 GC heap after
{Heap after GC invocations=117 (full 2):
 def new generation   total 10368K, used 737K [0x00000000f0000000, 0x00000000f0b30000, 0x00000000f5550000)
  eden space 9280K,   0% used [0x00000000f0000000, 0x00000000f0000000, 0x00000000f0910000)
  from space 1088K,  67% used [0x00000000f0a20000, 0x00000000f0ad86c8, 0x00000000f0b30000)
  to   space 1088K,   0% used [0x00000000f0910000, 0x00000000f0910000, 0x00000000f0a20000)
 tenured generation   total 22900K, used 16891K [0x00000000f5550000, 0x00000000f6bad000, 0x0000000100000000)
   the space 22900K,  73% used [0x00000000f5550000, 0x00000000f65cee00, 0x00000000f65cee00, 0x00000000f6bad000)
 Metaspace       used 44138K, committed 44544K, reserved 1089536K
  class space    used 5319K, committed 5504K, reserved 1048576K
}
Event: 24.321 GC heap before
{Heap before GC invocations=117 (full 2):
 def new generation   total 10368K, used 10017K [0x00000000f0000000, 0x00000000f0b30000, 0x00000000f5550000)
  eden space 9280K, 100% used [0x00000000f0000000, 0x00000000f0910000, 0x00000000f0910000)
  from space 1088K,  67% used [0x00000000f0a20000, 0x00000000f0ad86c8, 0x00000000f0b30000)
  to   space 1088K,   0% used [0x00000000f0910000, 0x00000000f0910000, 0x00000000f0a20000)
 tenured generation   total 22900K, used 16891K [0x00000000f5550000, 0x00000000f6bad000, 0x0000000100000000)
   the space 22900K,  73% used [0x00000000f5550000, 0x00000000f65cee00, 0x00000000f65cee00, 0x00000000f6bad000)
 Metaspace       used 44896K, committed 45248K, reserved 1089536K
  class space    used 5391K, committed 5568K, reserved 1048576K
}
Event: 24.326 GC heap after
{Heap after GC invocations=118 (full 2):
 def new generation   total 10368K, used 473K [0x00000000f0000000, 0x00000000f0b30000, 0x00000000f5550000)
  eden space 9280K,   0% used [0x00000000f0000000, 0x00000000f0000000, 0x00000000f0910000)
  from space 1088K,  43% used [0x00000000f0910000, 0x00000000f0986400, 0x00000000f0a20000)
  to   space 1088K,   0% used [0x00000000f0a20000, 0x00000000f0a20000, 0x00000000f0b30000)
 tenured generation   total 22900K, used 17261K [0x00000000f5550000, 0x00000000f6bad000, 0x0000000100000000)
   the space 22900K,  75% used [0x00000000f5550000, 0x00000000f662b700, 0x00000000f662b800, 0x00000000f6bad000)
 Metaspace       used 44896K, committed 45248K, reserved 1089536K
  class space    used 5391K, committed 5568K, reserved 1048576K
}
Event: 34982.387 GC heap before
{Heap before GC invocations=118 (full 2):
 def new generation   total 10368K, used 9753K [0x00000000f0000000, 0x00000000f0b30000, 0x00000000f5550000)
  eden space 9280K, 100% used [0x00000000f0000000, 0x00000000f0910000, 0x00000000f0910000)
  from space 1088K,  43% used [0x00000000f0910000, 0x00000000f0986400, 0x00000000f0a20000)
  to   space 1088K,   0% used [0x00000000f0a20000, 0x00000000f0a20000, 0x00000000f0b30000)
 tenured generation   total 22900K, used 17261K [0x00000000f5550000, 0x00000000f6bad000, 0x0000000100000000)
   the space 22900K,  75% used [0x00000000f5550000, 0x00000000f662b700, 0x00000000f662b800, 0x00000000f6bad000)
 Metaspace       used 45645K, committed 46016K, reserved 1089536K
  class space    used 5425K, committed 5568K, reserved 1048576K
}
Event: 34982.391 GC heap after
{Heap after GC invocations=119 (full 2):
 def new generation   total 10368K, used 540K [0x00000000f0000000, 0x00000000f0b30000, 0x00000000f5550000)
  eden space 9280K,   0% used [0x00000000f0000000, 0x00000000f0000000, 0x00000000f0910000)
  from space 1088K,  49% used [0x00000000f0a20000, 0x00000000f0aa7070, 0x00000000f0b30000)
  to   space 1088K,   0% used [0x00000000f0910000, 0x00000000f0910000, 0x00000000f0a20000)
 tenured generation   total 22900K, used 17261K [0x00000000f5550000, 0x00000000f6bad000, 0x0000000100000000)
   the space 22900K,  75% used [0x00000000f5550000, 0x00000000f662b700, 0x00000000f662b800, 0x00000000f6bad000)
 Metaspace       used 45645K, committed 46016K, reserved 1089536K
  class space    used 5425K, committed 5568K, reserved 1048576K
}

