# JRE version: OpenJDK Runtime Environment Zulu16.28+11-CA (16.0+36) (build 16+36)
# Java VM: OpenJDK 64-Bit Server VM Zulu16.28+11-CA (16+36, mixed mode, sharing, tiered, compressed oops, serial gc, linux-amd64)
GC Precious Log:
 CPUs: 8 total, 1 available
 Memory: 1792M
 Large Page Support: Disabled
 NUMA Support: Disabled
 Compressed Oops: Enabled (32-bit)
 Heap Min Capacity: 8M
 Heap Initial Capacity: 30M
 Heap Max Capacity: 450M
 Pre-touch: Disabled
Heap:
 def new generation   total 10560K, used 9386K [0x00000000e3e00000, 0x00000000e4970000, 0x00000000ed400000)
  eden space 9408K,  93% used [0x00000000e3e00000, 0x00000000e4698340, 0x00000000e4730000)
  from space 1152K,  50% used [0x00000000e4850000, 0x00000000e48e2860, 0x00000000e4970000)
  to   space 1152K,   0% used [0x00000000e4730000, 0x00000000e4730000, 0x00000000e4850000)
 tenured generation   total 23412K, used 17377K [0x00000000ed400000, 0x00000000eeadd000, 0x0000000100000000)
   the space 23412K,  74% used [0x00000000ed400000, 0x00000000ee4f85d8, 0x00000000ee4f8600, 0x00000000eeadd000)
 Metaspace       used 45020K, committed 45376K, reserved 1089536K
  class space    used 5414K, committed 5568K, reserved 1048576K
GC Heap History (20 events):
Event: 16.190 GC heap before
{Heap before GC invocations=65 (full 2):
 def new generation   total 10560K, used 10235K [0x00000000e3e00000, 0x00000000e4970000, 0x00000000ed400000)
  eden space 9408K, 100% used [0x00000000e3e00000, 0x00000000e4730000, 0x00000000e4730000)
  from space 1152K,  71% used [0x00000000e4850000, 0x00000000e491ec98, 0x00000000e4970000)
  to   space 1152K,   0% used [0x00000000e4730000, 0x00000000e4730000, 0x00000000e4850000)
 tenured generation   total 23412K, used 14045K [0x00000000ed400000, 0x00000000eeadd000, 0x0000000100000000)
   the space 23412K,  59% used [0x00000000ed400000, 0x00000000ee1b77c8, 0x00000000ee1b7800, 0x00000000eeadd000)
 Metaspace       used 39119K, committed 39424K, reserved 1089536K
  class space    used 4706K, committed 4864K, reserved 1048576K
}
Event: 16.194 GC heap after
{Heap after GC invocations=66 (full 2):
 def new generation   total 10560K, used 906K [0x00000000e3e00000, 0x00000000e4970000, 0x00000000ed400000)
  eden space 9408K,   0% used [0x00000000e3e00000, 0x00000000e3e00000, 0x00000000e4730000)
  from space 1152K,  78% used [0x00000000e4730000, 0x00000000e4812a38, 0x00000000e4850000)
  to   space 1152K,   0% used [0x00000000e4850000, 0x00000000e4850000, 0x00000000e4970000)
 tenured generation   total 23412K, used 14304K [0x00000000ed400000, 0x00000000eeadd000, 0x0000000100000000)
   the space 23412K,  61% used [0x00000000ed400000, 0x00000000ee1f8088, 0x00000000ee1f8200, 0x00000000eeadd000)
 Metaspace       used 39119K, committed 39424K, reserved 1089536K
  class space    used 4706K, committed 4864K, reserved 1048576K
}
Event: 16.473 GC heap before
{Heap before GC invocations=66 (full 2):
 def new generation   total 10560K, used 10314K [0x00000000e3e00000, 0x00000000e4970000, 0x00000000ed400000)
  eden space 9408K, 100% used [0x00000000e3e00000, 0x00000000e4730000, 0x00000000e4730000)
  from space 1152K,  78% used [0x00000000e4730000, 0x00000000e4812a38, 0x00000000e4850000)
  to   space 1152K,   0% used [0x00000000e4850000, 0x00000000e4850000, 0x00000000e4970000)
 tenured generation   total 23412K, used 14304K [0x00000000ed400000, 0x00000000eeadd000, 0x0000000100000000)
   the space 23412K,  61% used [0x00000000ed400000, 0x00000000ee1f8088, 0x00000000ee1f8200, 0x00000000eeadd000)
 Metaspace       used 39446K, committed 39808K, reserved 1089536K
  class space    used 4747K, committed 4928K, reserved 1048576K
}
Event: 16.479 GC heap after
{Heap after GC invocations=67 (full 2):
 def new generation   total 10560K, used 688K [0x00000000e3e00000, 0x00000000e4970000, 0x00000000ed400000)
  eden space 9408K,   0% used [0x00000000e3e00000, 0x00000000e3e00000, 0x00000000e4730000)
  from space 1152K,  59% used [0x00000000e4850000, 0x00000000e48fc2f8, 0x00000000e4970000)
  to   space 1152K,   0% used [0x00000000e4730000, 0x00000000e4730000, 0x00000000e4850000)
 tenured generation   total 23412K, used 14763K [0x00000000ed400000, 0x00000000eeadd000, 0x0000000100000000)
   the space 23412K,  63% used [0x00000000ed400000, 0x00000000ee26af08, 0x00000000ee26b000, 0x00000000eeadd000)
 Metaspace       used 39446K, committed 39808K, reserved 1089536K
  class space    used 4747K, committed 4928K, reserved 1048576K
}
Event: 16.675 GC heap before
{Heap before GC invocations=67 (full 2):
 def new generation   total 10560K, used 10096K [0x00000000e3e00000, 0x00000000e4970000, 0x00000000ed400000)
  eden space 9408K, 100% used [0x00000000e3e00000, 0x00000000e4730000, 0x00000000e4730000)
  from space 1152K,  59% used [0x00000000e4850000, 0x00000000e48fc2f8, 0x00000000e4970000)
  to   space 1152K,   0% used [0x00000000e4730000, 0x00000000e4730000, 0x00000000e4850000)
 tenured generation   total 23412K, used 14763K [0x00000000ed400000, 0x00000000eeadd000, 0x0000000100000000)
   the space 23412K,  63% used [0x00000000ed400000, 0x00000000ee26af08, 0x00000000ee26b000, 0x00000000eeadd000)
 Metaspace       used 39641K, committed 40000K, reserved 1089536K
  class space    used 4772K, committed 4928K, reserved 1048576K
}
Event: 16.679 GC heap after
{Heap after GC invocations=68 (full 2):
 def new generation   total 10560K, used 490K [0x00000000e3e00000, 0x00000000e4970000, 0x00000000ed400000)
  eden space 9408K,   0% used [0x00000000e3e00000, 0x00000000e3e00000, 0x00000000e4730000)
  from space 1152K,  42% used [0x00000000e4730000, 0x00000000e47aa820, 0x00000000e4850000)
  to   space 1152K,   0% used [0x00000000e4850000, 0x00000000e4850000, 0x00000000e4970000)
 tenured generation   total 23412K, used 15160K [0x00000000ed400000, 0x00000000eeadd000, 0x0000000100000000)
   the space 23412K,  64% used [0x00000000ed400000, 0x00000000ee2ce290, 0x00000000ee2ce400, 0x00000000eeadd000)
 Metaspace       used 39641K, committed 40000K, reserved 1089536K
  class space    used 4772K, committed 4928K, reserved 1048576K
}
Event: 16.974 GC heap before
{Heap before GC invocations=68 (full 2):
 def new generation   total 10560K, used 9898K [0x00000000e3e00000, 0x00000000e4970000, 0x00000000ed400000)
  eden space 9408K, 100% used [0x00000000e3e00000, 0x00000000e4730000, 0x00000000e4730000)
  from space 1152K,  42% used [0x00000000e4730000, 0x00000000e47aa820, 0x00000000e4850000)
  to   space 1152K,   0% used [0x00000000e4850000, 0x00000000e4850000, 0x00000000e4970000)
 tenured generation   total 23412K, used 15160K [0x00000000ed400000, 0x00000000eeadd000, 0x0000000100000000)
   the space 23412K,  64% used [0x00000000ed400000, 0x00000000ee2ce290, 0x00000000ee2ce400, 0x00000000eeadd000)
 Metaspace       used 40093K, committed 40384K, reserved 1089536K
  class space    used 4831K, committed 4992K, reserved 1048576K
}
Event: 16.978 GC heap after
{Heap after GC invocations=69 (full 2):
 def new generation   total 10560K, used 1003K [0x00000000e3e00000, 0x00000000e4970000, 0x00000000ed400000)
  eden space 9408K,   0% used [0x00000000e3e00000, 0x00000000e3e00000, 0x00000000e4730000)
  from space 1152K,  87% used [0x00000000e4850000, 0x00000000e494acc8, 0x00000000e4970000)
  to   space 1152K,   0% used [0x00000000e4730000, 0x00000000e4730000, 0x00000000e4850000)
 tenured generation   total 23412K, used 15160K [0x00000000ed400000, 0x00000000eeadd000, 0x0000000100000000)
   the space 23412K,  64% used [0x00000000ed400000, 0x00000000ee2ce290, 0x00000000ee2ce400, 0x00000000eeadd000)
 Metaspace       used 40093K, committed 40384K, reserved 1089536K
  class space    used 4831K, committed 4992K, reserved 1048576K
}
Event: 17.179 GC heap before
{Heap before GC invocations=69 (full 2):
 def new generation   total 10560K, used 10411K [0x00000000e3e00000, 0x00000000e4970000, 0x00000000ed400000)
  eden space 9408K, 100% used [0x00000000e3e00000, 0x00000000e4730000, 0x00000000e4730000)
  from space 1152K,  87% used [0x00000000e4850000, 0x00000000e494acc8, 0x00000000e4970000)
  to   space 1152K,   0% used [0x00000000e4730000, 0x00000000e4730000, 0x00000000e4850000)
 tenured generation   total 23412K, used 15160K [0x00000000ed400000, 0x00000000eeadd000, 0x0000000100000000)
   the space 23412K,  64% used [0x00000000ed400000, 0x00000000ee2ce290, 0x00000000ee2ce400, 0x00000000eeadd000)
 Metaspace       used 40624K, committed 40960K, reserved 1089536K
  class space    used 4906K, committed 5056K, reserved 1048576K
}
Event: 17.184 GC heap after
{Heap after GC invocations=70 (full 2):
 def new generation   total 10560K, used 723K [0x00000000e3e00000, 0x00000000e4970000, 0x00000000ed400000)
  eden space 9408K,   0% used [0x00000000e3e00000, 0x00000000e3e00000, 0x00000000e4730000)
  from space 1152K,  62% used [0x00000000e4730000, 0x00000000e47e4fc0, 0x00000000e4850000)
  to   space 1152K,   0% used [0x00000000e4850000, 0x00000000e4850000, 0x00000000e4970000)
 tenured generation   total 23412K, used 15616K [0x00000000ed400000, 0x00000000eeadd000, 0x0000000100000000)
   the space 23412K,  66% used [0x00000000ed400000, 0x00000000ee340288, 0x00000000ee340400, 0x00000000eeadd000)
 Metaspace       used 40624K, committed 40960K, reserved 1089536K
  class space    used 4906K, committed 5056K, reserved 1048576K
}
Event: 17.489 GC heap before
{Heap before GC invocations=70 (full 2):
 def new generation   total 10560K, used 10131K [0x00000000e3e00000, 0x00000000e4970000, 0x00000000ed400000)
  eden space 9408K, 100% used [0x00000000e3e00000, 0x00000000e4730000, 0x00000000e4730000)
  from space 1152K,  62% used [0x00000000e4730000, 0x00000000e47e4fc0, 0x00000000e4850000)
  to   space 1152K,   0% used [0x00000000e4850000, 0x00000000e4850000, 0x00000000e4970000)
 tenured generation   total 23412K, used 15616K [0x00000000ed400000, 0x00000000eeadd000, 0x0000000100000000)
   the space 23412K,  66% used [0x00000000ed400000, 0x00000000ee340288, 0x00000000ee340400, 0x00000000eeadd000)
 Metaspace       used 41152K, committed 41472K, reserved 1089536K
  class space    used 4973K, committed 5120K, reserved 1048576K
}
Event: 17.494 GC heap after
{Heap after GC invocations=71 (full 2):
 def new generation   total 10560K, used 470K [0x00000000e3e00000, 0x00000000e4970000, 0x00000000ed400000)
  eden space 9408K,   0% used [0x00000000e3e00000, 0x00000000e3e00000, 0x00000000e4730000)
  from space 1152K,  40% used [0x00000000e4850000, 0x00000000e48c59a8, 0x00000000e4970000)
  to   space 1152K,   0% used [0x00000000e4730000, 0x00000000e4730000, 0x00000000e4850000)
 tenured generation   total 23412K, used 16139K [0x00000000ed400000, 0x00000000eeadd000, 0x0000000100000000)
   the space 23412K,  68% used [0x00000000ed400000, 0x00000000ee3c2c20, 0x00000000ee3c2e00, 0x00000000eeadd000)
 Metaspace       used 41152K, committed 41472K, reserved 1089536K
  class space    used 4973K, committed 5120K, reserved 1048576K
}
Event: 17.889 GC heap before
{Heap before GC invocations=71 (full 2):
 def new generation   total 10560K, used 9878K [0x00000000e3e00000, 0x00000000e4970000, 0x00000000ed400000)
  eden space 9408K, 100% used [0x00000000e3e00000, 0x00000000e4730000, 0x00000000e4730000)
  from space 1152K,  40% used [0x00000000e4850000, 0x00000000e48c59a8, 0x00000000e4970000)
  to   space 1152K,   0% used [0x00000000e4730000, 0x00000000e4730000, 0x00000000e4850000)
 tenured generation   total 23412K, used 16139K [0x00000000ed400000, 0x00000000eeadd000, 0x0000000100000000)
   the space 23412K,  68% used [0x00000000ed400000, 0x00000000ee3c2c20, 0x00000000ee3c2e00, 0x00000000eeadd000)
 Metaspace       used 41614K, committed 41920K, reserved 1089536K
  class space    used 5040K, committed 5184K, reserved 1048576K
}
Event: 17.892 GC heap after
{Heap after GC invocations=72 (full 2):
 def new generation   total 10560K, used 893K [0x00000000e3e00000, 0x00000000e4970000, 0x00000000ed400000)
  eden space 9408K,   0% used [0x00000000e3e00000, 0x00000000e3e00000, 0x00000000e4730000)
  from space 1152K,  77% used [0x00000000e4730000, 0x00000000e480f530, 0x00000000e4850000)
  to   space 1152K,   0% used [0x00000000e4850000, 0x00000000e4850000, 0x00000000e4970000)
 tenured generation   total 23412K, used 16139K [0x00000000ed400000, 0x00000000eeadd000, 0x0000000100000000)
   the space 23412K,  68% used [0x00000000ed400000, 0x00000000ee3c2c20, 0x00000000ee3c2e00, 0x00000000eeadd000)
 Metaspace       used 41614K, committed 41920K, reserved 1089536K
  class space    used 5040K, committed 5184K, reserved 1048576K
}
Event: 18.186 GC heap before
{Heap before GC invocations=72 (full 2):
 def new generation   total 10560K, used 10301K [0x00000000e3e00000, 0x00000000e4970000, 0x00000000ed400000)
  eden space 9408K, 100% used [0x00000000e3e00000, 0x00000000e4730000, 0x00000000e4730000)
  from space 1152K,  77% used [0x00000000e4730000, 0x00000000e480f530, 0x00000000e4850000)
  to   space 1152K,   0% used [0x00000000e4850000, 0x00000000e4850000, 0x00000000e4970000)
 tenured generation   total 23412K, used 16139K [0x00000000ed400000, 0x00000000eeadd000, 0x0000000100000000)
   the space 23412K,  68% used [0x00000000ed400000, 0x00000000ee3c2c20, 0x00000000ee3c2e00, 0x00000000eeadd000)
 Metaspace       used 42741K, committed 43136K, reserved 1089536K
  class space    used 5168K, committed 5376K, reserved 1048576K
}
Event: 18.190 GC heap after
{Heap after GC invocations=73 (full 2):
 def new generation   total 10560K, used 814K [0x00000000e3e00000, 0x00000000e4970000, 0x00000000ed400000)
  eden space 9408K,   0% used [0x00000000e3e00000, 0x00000000e3e00000, 0x00000000e4730000)
  from space 1152K,  70% used [0x00000000e4850000, 0x00000000e491bb50, 0x00000000e4970000)
  to   space 1152K,   0% used [0x00000000e4730000, 0x00000000e4730000, 0x00000000e4850000)
 tenured generation   total 23412K, used 16584K [0x00000000ed400000, 0x00000000eeadd000, 0x0000000100000000)
   the space 23412K,  70% used [0x00000000ed400000, 0x00000000ee4321b0, 0x00000000ee432200, 0x00000000eeadd000)
 Metaspace       used 42741K, committed 43136K, reserved 1089536K
  class space    used 5168K, committed 5376K, reserved 1048576K
}
Event: 18.392 GC heap before
{Heap before GC invocations=73 (full 2):
 def new generation   total 10560K, used 10222K [0x00000000e3e00000, 0x00000000e4970000, 0x00000000ed400000)
  eden space 9408K, 100% used [0x00000000e3e00000, 0x00000000e4730000, 0x00000000e4730000)
  from space 1152K,  70% used [0x00000000e4850000, 0x00000000e491bb50, 0x00000000e4970000)
  to   space 1152K,   0% used [0x00000000e4730000, 0x00000000e4730000, 0x00000000e4850000)
 tenured generation   total 23412K, used 16584K [0x00000000ed400000, 0x00000000eeadd000, 0x0000000100000000)
   the space 23412K,  70% used [0x00000000ed400000, 0x00000000ee4321b0, 0x00000000ee432200, 0x00000000eeadd000)
 Metaspace       used 43511K, committed 43904K, reserved 1089536K
  class space    used 5257K, committed 5440K, reserved 1048576K
}
Event: 18.397 GC heap after
{Heap after GC invocations=74 (full 2):
 def new generation   total 10560K, used 754K [0x00000000e3e00000, 0x00000000e4970000, 0x00000000ed400000)
  eden space 9408K,   0% used [0x00000000e3e00000, 0x00000000e3e00000, 0x00000000e4730000)
  from space 1152K,  65% used [0x00000000e4730000, 0x00000000e47ec8e8, 0x00000000e4850000)
  to   space 1152K,   0% used [0x00000000e4850000, 0x00000000e4850000, 0x00000000e4970000)
 tenured generation   total 23412K, used 17021K [0x00000000ed400000, 0x00000000eeadd000, 0x0000000100000000)
   the space 23412K,  72% used [0x00000000ed400000, 0x00000000ee49f7c8, 0x00000000ee49f800, 0x00000000eeadd000)
 Metaspace       used 43511K, committed 43904K, reserved 1089536K
  class space    used 5257K, committed 5440K, reserved 1048576K
}
Event: 31.708 GC heap before
{Heap before GC invocations=74 (full 2):
 def new generation   total 10560K, used 10162K [0x00000000e3e00000, 0x00000000e4970000, 0x00000000ed400000)
  eden space 9408K, 100% used [0x00000000e3e00000, 0x00000000e4730000, 0x00000000e4730000)
  from space 1152K,  65% used [0x00000000e4730000, 0x00000000e47ec8e8, 0x00000000e4850000)
  to   space 1152K,   0% used [0x00000000e4850000, 0x00000000e4850000, 0x00000000e4970000)
 tenured generation   total 23412K, used 17021K [0x00000000ed400000, 0x00000000eeadd000, 0x0000000100000000)
   the space 23412K,  72% used [0x00000000ed400000, 0x00000000ee49f7c8, 0x00000000ee49f800, 0x00000000eeadd000)
 Metaspace       used 44335K, committed 44672K, reserved 1089536K
  class space    used 5346K, committed 5504K, reserved 1048576K
}
Event: 31.712 GC heap after
{Heap after GC invocations=75 (full 2):
 def new generation   total 10560K, used 586K [0x00000000e3e00000, 0x00000000e4970000, 0x00000000ed400000)
  eden space 9408K,   0% used [0x00000000e3e00000, 0x00000000e3e00000, 0x00000000e4730000)
  from space 1152K,  50% used [0x00000000e4850000, 0x00000000e48e2860, 0x00000000e4970000)
  to   space 1152K,   0% used [0x00000000e4730000, 0x00000000e4730000, 0x00000000e4850000)
 tenured generation   total 23412K, used 17377K [0x00000000ed400000, 0x00000000eeadd000, 0x0000000100000000)
   the space 23412K,  74% used [0x00000000ed400000, 0x00000000ee4f85d8, 0x00000000ee4f8600, 0x00000000eeadd000)
 Metaspace       used 44335K, committed 44672K, reserved 1089536K
  class space    used 5346K, committed 5504K, reserved 1048576K
}

