# JRE version: OpenJDK Runtime Environment Zulu16.28+11-CA (16.0+36) (build 16+36)
# Java VM: OpenJDK 64-Bit Server VM Zulu16.28+11-CA (16+36, mixed mode, sharing, tiered, compressed oops, serial gc, linux-amd64)
GC Precious Log:
 CPUs: 8 total, 1 available
 Memory: 1024M
 Large Page Support: Disabled
 NUMA Support: Disabled
 Compressed Oops: Enabled (32-bit)
 Heap Min Capacity: 8M
 Heap Initial Capacity: 16M
 Heap Max Capacity: 256M
 Pre-touch: Disabled
Heap:
 def new generation   total 10368K, used 1267K [0x00000000f0000000, 0x00000000f0b40000, 0x00000000f5550000)
  eden space 9216K,   9% used [0x00000000f0000000, 0x00000000f00e4090, 0x00000000f0900000)
  from space 1152K,  30% used [0x00000000f0900000, 0x00000000f0958bc8, 0x00000000f0a20000)
  to   space 1152K,   0% used [0x00000000f0a20000, 0x00000000f0a20000, 0x00000000f0b40000)
 tenured generation   total 22912K, used 17347K [0x00000000f5550000, 0x00000000f6bb0000, 0x0000000100000000)
   the space 22912K,  75% used [0x00000000f5550000, 0x00000000f6640ed8, 0x00000000f6641000, 0x00000000f6bb0000)
 Metaspace       used 45044K, committed 45376K, reserved 1089536K
  class space    used 5406K, committed 5568K, reserved 1048576K
GC Heap History (20 events):
Event: 15.553 GC heap before
{Heap before GC invocations=108 (full 2):
 def new generation   total 10368K, used 9853K [0x00000000f0000000, 0x00000000f0b40000, 0x00000000f5550000)
  eden space 9216K, 100% used [0x00000000f0000000, 0x00000000f0900000, 0x00000000f0900000)
  from space 1152K,  55% used [0x00000000f0900000, 0x00000000f099f6a0, 0x00000000f0a20000)
  to   space 1152K,   0% used [0x00000000f0a20000, 0x00000000f0a20000, 0x00000000f0b40000)
 tenured generation   total 22912K, used 14193K [0x00000000f5550000, 0x00000000f6bb0000, 0x0000000100000000)
   the space 22912K,  61% used [0x00000000f5550000, 0x00000000f632c470, 0x00000000f632c600, 0x00000000f6bb0000)
 Metaspace       used 39424K, committed 39744K, reserved 1089536K
  class space    used 4740K, committed 4864K, reserved 1048576K
}
Event: 15.556 GC heap after
{Heap after GC invocations=109 (full 2):
 def new generation   total 10368K, used 658K [0x00000000f0000000, 0x00000000f0b40000, 0x00000000f5550000)
  eden space 9216K,   0% used [0x00000000f0000000, 0x00000000f0000000, 0x00000000f0900000)
  from space 1152K,  57% used [0x00000000f0a20000, 0x00000000f0ac4a40, 0x00000000f0b40000)
  to   space 1152K,   0% used [0x00000000f0900000, 0x00000000f0900000, 0x00000000f0a20000)
 tenured generation   total 22912K, used 14421K [0x00000000f5550000, 0x00000000f6bb0000, 0x0000000100000000)
   the space 22912K,  62% used [0x00000000f5550000, 0x00000000f6365418, 0x00000000f6365600, 0x00000000f6bb0000)
 Metaspace       used 39424K, committed 39744K, reserved 1089536K
  class space    used 4740K, committed 4864K, reserved 1048576K
}
Event: 15.673 GC heap before
{Heap before GC invocations=109 (full 2):
 def new generation   total 10368K, used 9874K [0x00000000f0000000, 0x00000000f0b40000, 0x00000000f5550000)
  eden space 9216K, 100% used [0x00000000f0000000, 0x00000000f0900000, 0x00000000f0900000)
  from space 1152K,  57% used [0x00000000f0a20000, 0x00000000f0ac4a40, 0x00000000f0b40000)
  to   space 1152K,   0% used [0x00000000f0900000, 0x00000000f0900000, 0x00000000f0a20000)
 tenured generation   total 22912K, used 14421K [0x00000000f5550000, 0x00000000f6bb0000, 0x0000000100000000)
   the space 22912K,  62% used [0x00000000f5550000, 0x00000000f6365418, 0x00000000f6365600, 0x00000000f6bb0000)
 Metaspace       used 39622K, committed 40000K, reserved 1089536K
  class space    used 4765K, committed 4928K, reserved 1048576K
}
Event: 15.676 GC heap after
{Heap after GC invocations=110 (full 2):
 def new generation   total 10368K, used 486K [0x00000000f0000000, 0x00000000f0b40000, 0x00000000f5550000)
  eden space 9216K,   0% used [0x00000000f0000000, 0x00000000f0000000, 0x00000000f0900000)
  from space 1152K,  42% used [0x00000000f0900000, 0x00000000f0979a58, 0x00000000f0a20000)
  to   space 1152K,   0% used [0x00000000f0a20000, 0x00000000f0a20000, 0x00000000f0b40000)
 tenured generation   total 22912K, used 14782K [0x00000000f5550000, 0x00000000f6bb0000, 0x0000000100000000)
   the space 22912K,  64% used [0x00000000f5550000, 0x00000000f63bf9e8, 0x00000000f63bfa00, 0x00000000f6bb0000)
 Metaspace       used 39622K, committed 40000K, reserved 1089536K
  class space    used 4765K, committed 4928K, reserved 1048576K
}
Event: 15.951 GC heap before
{Heap before GC invocations=110 (full 2):
 def new generation   total 10368K, used 9702K [0x00000000f0000000, 0x00000000f0b40000, 0x00000000f5550000)
  eden space 9216K, 100% used [0x00000000f0000000, 0x00000000f0900000, 0x00000000f0900000)
  from space 1152K,  42% used [0x00000000f0900000, 0x00000000f0979a58, 0x00000000f0a20000)
  to   space 1152K,   0% used [0x00000000f0a20000, 0x00000000f0a20000, 0x00000000f0b40000)
 tenured generation   total 22912K, used 14782K [0x00000000f5550000, 0x00000000f6bb0000, 0x0000000100000000)
   the space 22912K,  64% used [0x00000000f5550000, 0x00000000f63bf9e8, 0x00000000f63bfa00, 0x00000000f6bb0000)
 Metaspace       used 40051K, committed 40448K, reserved 1089536K
  class space    used 4823K, committed 4992K, reserved 1048576K
}
Event: 15.953 GC heap after
{Heap after GC invocations=111 (full 2):
 def new generation   total 10368K, used 999K [0x00000000f0000000, 0x00000000f0b40000, 0x00000000f5550000)
  eden space 9216K,   0% used [0x00000000f0000000, 0x00000000f0000000, 0x00000000f0900000)
  from space 1152K,  86% used [0x00000000f0a20000, 0x00000000f0b19d00, 0x00000000f0b40000)
  to   space 1152K,   0% used [0x00000000f0900000, 0x00000000f0900000, 0x00000000f0a20000)
 tenured generation   total 22912K, used 14782K [0x00000000f5550000, 0x00000000f6bb0000, 0x0000000100000000)
   the space 22912K,  64% used [0x00000000f5550000, 0x00000000f63bf9e8, 0x00000000f63bfa00, 0x00000000f6bb0000)
 Metaspace       used 40051K, committed 40448K, reserved 1089536K
  class space    used 4823K, committed 4992K, reserved 1048576K
}
Event: 16.077 GC heap before
{Heap before GC invocations=111 (full 2):
 def new generation   total 10368K, used 10215K [0x00000000f0000000, 0x00000000f0b40000, 0x00000000f5550000)
  eden space 9216K, 100% used [0x00000000f0000000, 0x00000000f0900000, 0x00000000f0900000)
  from space 1152K,  86% used [0x00000000f0a20000, 0x00000000f0b19d00, 0x00000000f0b40000)
  to   space 1152K,   0% used [0x00000000f0900000, 0x00000000f0900000, 0x00000000f0a20000)
 tenured generation   total 22912K, used 14782K [0x00000000f5550000, 0x00000000f6bb0000, 0x0000000100000000)
   the space 22912K,  64% used [0x00000000f5550000, 0x00000000f63bf9e8, 0x00000000f63bfa00, 0x00000000f6bb0000)
 Metaspace       used 40582K, committed 40896K, reserved 1089536K
  class space    used 4898K, committed 5056K, reserved 1048576K
}
Event: 16.080 GC heap after
{Heap after GC invocations=112 (full 2):
 def new generation   total 10368K, used 722K [0x00000000f0000000, 0x00000000f0b40000, 0x00000000f5550000)
  eden space 9216K,   0% used [0x00000000f0000000, 0x00000000f0000000, 0x00000000f0900000)
  from space 1152K,  62% used [0x00000000f0900000, 0x00000000f09b4900, 0x00000000f0a20000)
  to   space 1152K,   0% used [0x00000000f0a20000, 0x00000000f0a20000, 0x00000000f0b40000)
 tenured generation   total 22912K, used 15235K [0x00000000f5550000, 0x00000000f6bb0000, 0x0000000100000000)
   the space 22912K,  66% used [0x00000000f5550000, 0x00000000f6430fb0, 0x00000000f6431000, 0x00000000f6bb0000)
 Metaspace       used 40582K, committed 40896K, reserved 1089536K
  class space    used 4898K, committed 5056K, reserved 1048576K
}
Event: 16.360 GC heap before
{Heap before GC invocations=112 (full 2):
 def new generation   total 10368K, used 9938K [0x00000000f0000000, 0x00000000f0b40000, 0x00000000f5550000)
  eden space 9216K, 100% used [0x00000000f0000000, 0x00000000f0900000, 0x00000000f0900000)
  from space 1152K,  62% used [0x00000000f0900000, 0x00000000f09b4900, 0x00000000f0a20000)
  to   space 1152K,   0% used [0x00000000f0a20000, 0x00000000f0a20000, 0x00000000f0b40000)
 tenured generation   total 22912K, used 15235K [0x00000000f5550000, 0x00000000f6bb0000, 0x0000000100000000)
   the space 22912K,  66% used [0x00000000f5550000, 0x00000000f6430fb0, 0x00000000f6431000, 0x00000000f6bb0000)
 Metaspace       used 41097K, committed 41472K, reserved 1089536K
  class space    used 4963K, committed 5120K, reserved 1048576K
}
Event: 16.363 GC heap after
{Heap after GC invocations=113 (full 2):
 def new generation   total 10368K, used 458K [0x00000000f0000000, 0x00000000f0b40000, 0x00000000f5550000)
  eden space 9216K,   0% used [0x00000000f0000000, 0x00000000f0000000, 0x00000000f0900000)
  from space 1152K,  39% used [0x00000000f0a20000, 0x00000000f0a92bc8, 0x00000000f0b40000)
  to   space 1152K,   0% used [0x00000000f0900000, 0x00000000f0900000, 0x00000000f0a20000)
 tenured generation   total 22912K, used 15756K [0x00000000f5550000, 0x00000000f6bb0000, 0x0000000100000000)
   the space 22912K,  68% used [0x00000000f5550000, 0x00000000f64b3268, 0x00000000f64b3400, 0x00000000f6bb0000)
 Metaspace       used 41097K, committed 41472K, reserved 1089536K
  class space    used 4963K, committed 5120K, reserved 1048576K
}
Event: 16.659 GC heap before
{Heap before GC invocations=113 (full 2):
 def new generation   total 10368K, used 9674K [0x00000000f0000000, 0x00000000f0b40000, 0x00000000f5550000)
  eden space 9216K, 100% used [0x00000000f0000000, 0x00000000f0900000, 0x00000000f0900000)
  from space 1152K,  39% used [0x00000000f0a20000, 0x00000000f0a92bc8, 0x00000000f0b40000)
  to   space 1152K,   0% used [0x00000000f0900000, 0x00000000f0900000, 0x00000000f0a20000)
 tenured generation   total 22912K, used 15756K [0x00000000f5550000, 0x00000000f6bb0000, 0x0000000100000000)
   the space 22912K,  68% used [0x00000000f5550000, 0x00000000f64b3268, 0x00000000f64b3400, 0x00000000f6bb0000)
 Metaspace       used 41567K, committed 41920K, reserved 1089536K
  class space    used 5029K, committed 5184K, reserved 1048576K
}
Event: 16.662 GC heap after
{Heap after GC invocations=114 (full 2):
 def new generation   total 10368K, used 893K [0x00000000f0000000, 0x00000000f0b40000, 0x00000000f5550000)
  eden space 9216K,   0% used [0x00000000f0000000, 0x00000000f0000000, 0x00000000f0900000)
  from space 1152K,  77% used [0x00000000f0900000, 0x00000000f09df710, 0x00000000f0a20000)
  to   space 1152K,   0% used [0x00000000f0a20000, 0x00000000f0a20000, 0x00000000f0b40000)
 tenured generation   total 22912K, used 15756K [0x00000000f5550000, 0x00000000f6bb0000, 0x0000000100000000)
   the space 22912K,  68% used [0x00000000f5550000, 0x00000000f64b3268, 0x00000000f64b3400, 0x00000000f6bb0000)
 Metaspace       used 41567K, committed 41920K, reserved 1089536K
  class space    used 5029K, committed 5184K, reserved 1048576K
}
Event: 16.951 GC heap before
{Heap before GC invocations=114 (full 2):
 def new generation   total 10368K, used 10109K [0x00000000f0000000, 0x00000000f0b40000, 0x00000000f5550000)
  eden space 9216K, 100% used [0x00000000f0000000, 0x00000000f0900000, 0x00000000f0900000)
  from space 1152K,  77% used [0x00000000f0900000, 0x00000000f09df710, 0x00000000f0a20000)
  to   space 1152K,   0% used [0x00000000f0a20000, 0x00000000f0a20000, 0x00000000f0b40000)
 tenured generation   total 22912K, used 15756K [0x00000000f5550000, 0x00000000f6bb0000, 0x0000000100000000)
   the space 22912K,  68% used [0x00000000f5550000, 0x00000000f64b3268, 0x00000000f64b3400, 0x00000000f6bb0000)
 Metaspace       used 42702K, committed 43136K, reserved 1089536K
  class space    used 5157K, committed 5376K, reserved 1048576K
}
Event: 16.955 GC heap after
{Heap after GC invocations=115 (full 2):
 def new generation   total 10368K, used 823K [0x00000000f0000000, 0x00000000f0b40000, 0x00000000f5550000)
  eden space 9216K,   0% used [0x00000000f0000000, 0x00000000f0000000, 0x00000000f0900000)
  from space 1152K,  71% used [0x00000000f0a20000, 0x00000000f0aede58, 0x00000000f0b40000)
  to   space 1152K,   0% used [0x00000000f0900000, 0x00000000f0900000, 0x00000000f0a20000)
 tenured generation   total 22912K, used 16189K [0x00000000f5550000, 0x00000000f6bb0000, 0x0000000100000000)
   the space 22912K,  70% used [0x00000000f5550000, 0x00000000f651f458, 0x00000000f651f600, 0x00000000f6bb0000)
 Metaspace       used 42702K, committed 43136K, reserved 1089536K
  class space    used 5157K, committed 5376K, reserved 1048576K
}
Event: 17.071 GC heap before
{Heap before GC invocations=115 (full 2):
 def new generation   total 10368K, used 10039K [0x00000000f0000000, 0x00000000f0b40000, 0x00000000f5550000)
  eden space 9216K, 100% used [0x00000000f0000000, 0x00000000f0900000, 0x00000000f0900000)
  from space 1152K,  71% used [0x00000000f0a20000, 0x00000000f0aede58, 0x00000000f0b40000)
  to   space 1152K,   0% used [0x00000000f0900000, 0x00000000f0900000, 0x00000000f0a20000)
 tenured generation   total 22912K, used 16189K [0x00000000f5550000, 0x00000000f6bb0000, 0x0000000100000000)
   the space 22912K,  70% used [0x00000000f5550000, 0x00000000f651f458, 0x00000000f651f600, 0x00000000f6bb0000)
 Metaspace       used 43250K, committed 43712K, reserved 1089536K
  class space    used 5224K, committed 5440K, reserved 1048576K
}
Event: 17.074 GC heap after
{Heap after GC invocations=116 (full 2):
 def new generation   total 10368K, used 741K [0x00000000f0000000, 0x00000000f0b40000, 0x00000000f5550000)
  eden space 9216K,   0% used [0x00000000f0000000, 0x00000000f0000000, 0x00000000f0900000)
  from space 1152K,  64% used [0x00000000f0900000, 0x00000000f09b9730, 0x00000000f0a20000)
  to   space 1152K,   0% used [0x00000000f0a20000, 0x00000000f0a20000, 0x00000000f0b40000)
 tenured generation   total 22912K, used 16634K [0x00000000f5550000, 0x00000000f6bb0000, 0x0000000100000000)
   the space 22912K,  72% used [0x00000000f5550000, 0x00000000f658ea38, 0x00000000f658ec00, 0x00000000f6bb0000)
 Metaspace       used 43250K, committed 43712K, reserved 1089536K
  class space    used 5224K, committed 5440K, reserved 1048576K
}
Event: 31.561 GC heap before
{Heap before GC invocations=116 (full 2):
 def new generation   total 10368K, used 9957K [0x00000000f0000000, 0x00000000f0b40000, 0x00000000f5550000)
  eden space 9216K, 100% used [0x00000000f0000000, 0x00000000f0900000, 0x00000000f0900000)
  from space 1152K,  64% used [0x00000000f0900000, 0x00000000f09b9730, 0x00000000f0a20000)
  to   space 1152K,   0% used [0x00000000f0a20000, 0x00000000f0a20000, 0x00000000f0b40000)
 tenured generation   total 22912K, used 16634K [0x00000000f5550000, 0x00000000f6bb0000, 0x0000000100000000)
   the space 22912K,  72% used [0x00000000f5550000, 0x00000000f658ea38, 0x00000000f658ec00, 0x00000000f6bb0000)
 Metaspace       used 44191K, committed 44608K, reserved 1089536K
  class space    used 5329K, committed 5504K, reserved 1048576K
}
Event: 31.564 GC heap after
{Heap after GC invocations=117 (full 2):
 def new generation   total 10368K, used 599K [0x00000000f0000000, 0x00000000f0b40000, 0x00000000f5550000)
  eden space 9216K,   0% used [0x00000000f0000000, 0x00000000f0000000, 0x00000000f0900000)
  from space 1152K,  52% used [0x00000000f0a20000, 0x00000000f0ab5e50, 0x00000000f0b40000)
  to   space 1152K,   0% used [0x00000000f0900000, 0x00000000f0900000, 0x00000000f0a20000)
 tenured generation   total 22912K, used 16992K [0x00000000f5550000, 0x00000000f6bb0000, 0x0000000100000000)
   the space 22912K,  74% used [0x00000000f5550000, 0x00000000f65e8348, 0x00000000f65e8400, 0x00000000f6bb0000)
 Metaspace       used 44191K, committed 44608K, reserved 1089536K
  class space    used 5329K, committed 5504K, reserved 1048576K
}
Event: 931.256 GC heap before
{Heap before GC invocations=117 (full 2):
 def new generation   total 10368K, used 9815K [0x00000000f0000000, 0x00000000f0b40000, 0x00000000f5550000)
  eden space 9216K, 100% used [0x00000000f0000000, 0x00000000f0900000, 0x00000000f0900000)
  from space 1152K,  52% used [0x00000000f0a20000, 0x00000000f0ab5e50, 0x00000000f0b40000)
  to   space 1152K,   0% used [0x00000000f0900000, 0x00000000f0900000, 0x00000000f0a20000)
 tenured generation   total 22912K, used 16992K [0x00000000f5550000, 0x00000000f6bb0000, 0x0000000100000000)
   the space 22912K,  74% used [0x00000000f5550000, 0x00000000f65e8348, 0x00000000f65e8400, 0x00000000f6bb0000)
 Metaspace       used 44845K, committed 45184K, reserved 1089536K
  class space    used 5404K, committed 5568K, reserved 1048576K
}
Event: 931.259 GC heap after
{Heap after GC invocations=118 (full 2):
 def new generation   total 10368K, used 354K [0x00000000f0000000, 0x00000000f0b40000, 0x00000000f5550000)
  eden space 9216K,   0% used [0x00000000f0000000, 0x00000000f0000000, 0x00000000f0900000)
  from space 1152K,  30% used [0x00000000f0900000, 0x00000000f0958bc8, 0x00000000f0a20000)
  to   space 1152K,   0% used [0x00000000f0a20000, 0x00000000f0a20000, 0x00000000f0b40000)
 tenured generation   total 22912K, used 17347K [0x00000000f5550000, 0x00000000f6bb0000, 0x0000000100000000)
   the space 22912K,  75% used [0x00000000f5550000, 0x00000000f6640ed8, 0x00000000f6641000, 0x00000000f6bb0000)
 Metaspace       used 44845K, committed 45184K, reserved 1089536K
  class space    used 5404K, committed 5568K, reserved 1048576K
}

